{
  "RSpec": {
    "coverage": {
      "/Users/fieldstyler/side_projects/whobudget/spec/features/savings/new_spec.rb": {
        "lines": [
          1,
          null,
          1,
          1,
          1,
          null,
          1,
          1,
          null,
          null,
          1,
          1,
          null,
          1,
          null,
          1,
          1,
          null,
          1,
          1,
          null,
          null
        ]
      },
      "/Users/fieldstyler/side_projects/whobudget/app/controllers/savings_controller.rb": {
        "lines": [
          1,
          1,
          null,
          null,
          1,
          1,
          1,
          null,
          null,
          1,
          1,
          1,
          null,
          null
        ]
      },
      "/Users/fieldstyler/side_projects/whobudget/app/controllers/application_controller.rb": {
        "lines": [
          1,
          null
        ]
      },
      "/Users/fieldstyler/side_projects/whobudget/app/models/savings.rb": {
        "lines": [
          1,
          1,
          1,
          1,
          null
        ]
      },
      "/Users/fieldstyler/side_projects/whobudget/app/models/application_record.rb": {
        "lines": [
          1,
          1,
          null
        ]
      },
      "/Users/fieldstyler/side_projects/whobudget/app/controllers/welcome_controller.rb": {
        "lines": [
          1,
          1,
          1,
          null,
          null
        ]
      }
    },
    "timestamp": 1627577866
  }
}
